<?xml version="1.0" encoding="UTF-8"?>
<testsuite name="lt.andriaus.hangman.useCases.RamDatabaseTest" tests="1" skipped="0" failures="0" errors="0" timestamp="2021-02-03T07:28:49" hostname="openg-Z87M-D3H" time="0.038">
  <properties/>
  <testcase name="shouldNotFind()" classname="lt.andriaus.hangman.useCases.RamDatabaseTest" time="0.038"/>
  <system-out><![CDATA[]]></system-out>
  <system-err><![CDATA[]]></system-err>
</testsuite>
